<?xml version="1.0" encoding="UTF-8"?>
<testng-results skipped="0" failed="0" total="1" passed="1">
  <reporter-output>
  </reporter-output>
  <suite name="Default suite" duration-ms="4847" started-at="2022-01-15T15:35:56Z" finished-at="2022-01-15T15:36:01Z">
    <groups>
    </groups>
    <test name="Default test" duration-ms="4847" started-at="2022-01-15T15:35:56Z" finished-at="2022-01-15T15:36:01Z">
      <class name="test.First_TestNG">
        <test-method status="PASS" signature="launchBrowser()[pri:0, instance:test.First_TestNG@7c0e2abd]" name="launchBrowser" is-config="true" duration-ms="4710" started-at="2022-01-15T15:35:56Z" finished-at="2022-01-15T15:36:01Z">
          <reporter-output>
          </reporter-output>
        </test-method> <!-- launchBrowser -->
        <test-method status="PASS" signature="verifyHomepageTitle()[pri:0, instance:test.First_TestNG@7c0e2abd]" name="verifyHomepageTitle" duration-ms="12" started-at="2022-01-15T15:36:01Z" finished-at="2022-01-15T15:36:01Z">
          <reporter-output>
          </reporter-output>
        </test-method> <!-- verifyHomepageTitle -->
        <test-method status="PASS" signature="terminateBrowser()[pri:0, instance:test.First_TestNG@7c0e2abd]" name="terminateBrowser" is-config="true" duration-ms="114" started-at="2022-01-15T15:36:01Z" finished-at="2022-01-15T15:36:01Z">
          <reporter-output>
          </reporter-output>
        </test-method> <!-- terminateBrowser -->
      </class> <!-- test.First_TestNG -->
    </test> <!-- Default test -->
  </suite> <!-- Default suite -->
</testng-results>
